<?xml version="1.0" encoding="UTF-8"?>
<!-- Generated by org.testng.reporters.JUnitReportReporter -->
<testsuite hostname="LAPTOP-AVT5DENA" failures="0" tests="1" name="testngtesting.Signinletcode" time="16.471" errors="0" timestamp="2022-07-11T12:55:25 CDT" skipped="0">
  <testcase classname="testngtesting.Signinletcode" name="signin" time="16.471"/>
  <system-out/>
</testsuite> <!-- testngtesting.Signinletcode -->
