<?xml version="1.0" encoding="UTF-8"?>
<!-- Generated by org.testng.reporters.JUnitReportReporter -->
<testsuite hostname="LAPTOP-AVT5DENA" failures="0" tests="3" name="testngtesting.Learndataprovider" time="37.565" errors="0" timestamp="2022-07-17T06:39:08 CDT" skipped="0">
  <testcase classname="testngtesting.Learndataprovider" name="login" time="12.167"/>
  <system-out/>
  <testcase classname="testngtesting.Learndataprovider" name="login" time="12.403"/>
  <system-out/>
  <testcase classname="testngtesting.Learndataprovider" name="login" time="12.995"/>
  <system-out/>
</testsuite> <!-- testngtesting.Learndataprovider -->
